2016-10-02 20:17:34 [main] INFO  unq.api.service.ApiService - Starting services configuration
2016-10-02 20:17:34 [main] INFO  org.mongodb.driver.cluster - Cluster created with settings {hosts=[localhost:27017], mode=MULTIPLE, requiredClusterType=UNKNOWN, serverSelectionTimeout='30000 ms', maxWaitQueueSize=500}
2016-10-02 20:17:34 [main] INFO  org.mongodb.driver.cluster - Adding discovered server localhost:27017 to client view of cluster
2016-10-02 20:17:35 [main] INFO  unq.client.MongoDBClient - Successfully connected to the database
2016-10-02 20:17:35 [cluster-ClusterId{value='57f1958e46f0d904521fa475', description='null'}-localhost:27017] INFO  org.mongodb.driver.connection - Opened connection [connectionId{localValue:1, serverValue:2}] to localhost:27017
2016-10-02 20:17:35 [cluster-ClusterId{value='57f1958e46f0d904521fa475', description='null'}-localhost:27017] INFO  org.mongodb.driver.cluster - Monitor thread successfully connected to server with description ServerDescription{address=localhost:27017, type=STANDALONE, state=CONNECTED, ok=true, version=ServerVersion{versionList=[3, 2, 0]}, minWireVersion=0, maxWireVersion=4, maxDocumentSize=16777216, roundTripTimeNanos=1607686}
2016-10-02 20:17:35 [cluster-ClusterId{value='57f1958e46f0d904521fa475', description='null'}-localhost:27017] INFO  org.mongodb.driver.cluster - Discovered cluster type of STANDALONE
2016-10-02 20:17:35 [main] INFO  unq.api.service.ApiService - Finish services configuration
2016-10-02 20:17:35 [Thread-1] INFO  org.eclipse.jetty.util.log - Logging initialized @2357ms
2016-10-02 20:17:35 [Thread-1] INFO  s.e.jetty.EmbeddedJettyServer - == Spark has ignited ...
2016-10-02 20:17:35 [Thread-1] INFO  s.e.jetty.EmbeddedJettyServer - >> Listening on 0.0.0.0:9090
2016-10-02 20:17:35 [Thread-1] INFO  org.eclipse.jetty.server.Server - jetty-9.3.6.v20151106
2016-10-02 20:17:35 [Thread-1] INFO  o.e.jetty.server.ServerConnector - Started ServerConnector@522ac72f{HTTP/1.1,[http/1.1]}{0.0.0.0:9090}
2016-10-02 20:17:35 [Thread-1] INFO  org.eclipse.jetty.server.Server - Started @2512ms
2016-10-02 20:43:01 [qtp89672907-22] ERROR unq.api.controller.SurveyController - Error while trying to save student
com.google.gson.JsonSyntaxException: java.lang.IllegalStateException: Expected BEGIN_OBJECT but was STRING at line 1 column 1 path $
	at com.google.gson.internal.bind.ReflectiveTypeAdapterFactory$Adapter.read(ReflectiveTypeAdapterFactory.java:224)
	at com.google.gson.Gson.fromJson(Gson.java:887)
	at com.google.gson.Gson.fromJson(Gson.java:852)
	at com.google.gson.Gson.fromJson(Gson.java:801)
	at com.google.gson.Gson.fromJson(Gson.java:773)
	at unq.utils.GsonFactory.fromJson(GsonFactory.java:16)
	at unq.api.controller.SurveyController.lambda$initSurveyEndopints$1(SurveyController.java:38)
	at spark.RouteImpl$1.handle(RouteImpl.java:61)
	at spark.http.matching.Routes.execute(Routes.java:61)
	at spark.http.matching.MatcherFilter.doFilter(MatcherFilter.java:126)
	at spark.embeddedserver.jetty.JettyHandler.doHandle(JettyHandler.java:50)
	at org.eclipse.jetty.server.session.SessionHandler.doScope(SessionHandler.java:189)
	at org.eclipse.jetty.server.handler.ScopedHandler.handle(ScopedHandler.java:141)
	at org.eclipse.jetty.server.handler.HandlerWrapper.handle(HandlerWrapper.java:119)
	at org.eclipse.jetty.server.Server.handle(Server.java:517)
	at org.eclipse.jetty.server.HttpChannel.handle(HttpChannel.java:308)
	at org.eclipse.jetty.server.HttpConnection.onFillable(HttpConnection.java:242)
	at org.eclipse.jetty.io.AbstractConnection$ReadCallback.succeeded(AbstractConnection.java:261)
	at org.eclipse.jetty.io.FillInterest.fillable(FillInterest.java:95)
	at org.eclipse.jetty.io.SelectChannelEndPoint$2.run(SelectChannelEndPoint.java:75)
	at org.eclipse.jetty.util.thread.strategy.ExecuteProduceConsume.produceAndRun(ExecuteProduceConsume.java:213)
	at org.eclipse.jetty.util.thread.strategy.ExecuteProduceConsume.run(ExecuteProduceConsume.java:147)
	at org.eclipse.jetty.util.thread.QueuedThreadPool.runJob(QueuedThreadPool.java:654)
	at org.eclipse.jetty.util.thread.QueuedThreadPool$3.run(QueuedThreadPool.java:572)
	at java.lang.Thread.run(Thread.java:745)
Caused by: java.lang.IllegalStateException: Expected BEGIN_OBJECT but was STRING at line 1 column 1 path $
	at com.google.gson.stream.JsonReader.beginObject(JsonReader.java:385)
	at com.google.gson.internal.bind.ReflectiveTypeAdapterFactory$Adapter.read(ReflectiveTypeAdapterFactory.java:213)
	... 24 common frames omitted
2016-10-02 20:49:18 [main] INFO  unq.api.service.ApiService - Starting services configuration
2016-10-02 20:49:19 [main] INFO  org.mongodb.driver.cluster - Cluster created with settings {hosts=[localhost:27017], mode=MULTIPLE, requiredClusterType=UNKNOWN, serverSelectionTimeout='30000 ms', maxWaitQueueSize=500}
2016-10-02 20:49:19 [main] INFO  org.mongodb.driver.cluster - Adding discovered server localhost:27017 to client view of cluster
2016-10-02 20:49:19 [main] INFO  unq.client.MongoDBClient - Successfully connected to the database
2016-10-02 20:49:19 [cluster-ClusterId{value='57f19cff46f0d9049799b6a5', description='null'}-localhost:27017] INFO  org.mongodb.driver.connection - Opened connection [connectionId{localValue:1, serverValue:3}] to localhost:27017
2016-10-02 20:49:19 [cluster-ClusterId{value='57f19cff46f0d9049799b6a5', description='null'}-localhost:27017] INFO  org.mongodb.driver.cluster - Monitor thread successfully connected to server with description ServerDescription{address=localhost:27017, type=STANDALONE, state=CONNECTED, ok=true, version=ServerVersion{versionList=[3, 2, 0]}, minWireVersion=0, maxWireVersion=4, maxDocumentSize=16777216, roundTripTimeNanos=3285522}
2016-10-02 20:49:19 [cluster-ClusterId{value='57f19cff46f0d9049799b6a5', description='null'}-localhost:27017] INFO  org.mongodb.driver.cluster - Discovered cluster type of STANDALONE
2016-10-02 20:49:20 [main] INFO  unq.api.service.ApiService - Finish services configuration
2016-10-02 20:49:20 [Thread-1] INFO  org.eclipse.jetty.util.log - Logging initialized @2143ms
2016-10-02 20:49:20 [Thread-1] INFO  s.e.jetty.EmbeddedJettyServer - == Spark has ignited ...
2016-10-02 20:49:20 [Thread-1] INFO  s.e.jetty.EmbeddedJettyServer - >> Listening on 0.0.0.0:9090
2016-10-02 20:49:20 [Thread-1] INFO  org.eclipse.jetty.server.Server - jetty-9.3.6.v20151106
2016-10-02 20:49:20 [Thread-1] INFO  o.e.jetty.server.ServerConnector - Started ServerConnector@4dd98d28{HTTP/1.1,[http/1.1]}{0.0.0.0:9090}
2016-10-02 20:49:20 [Thread-1] INFO  org.eclipse.jetty.server.Server - Started @2471ms
2016-10-02 20:49:42 [qtp1842208796-20] ERROR unq.api.controller.SurveyController - Error while trying to save student
com.google.gson.JsonSyntaxException: java.lang.IllegalStateException: Expected BEGIN_OBJECT but was STRING at line 1 column 1 path $
	at com.google.gson.internal.bind.ReflectiveTypeAdapterFactory$Adapter.read(ReflectiveTypeAdapterFactory.java:224)
	at com.google.gson.Gson.fromJson(Gson.java:887)
	at com.google.gson.Gson.fromJson(Gson.java:852)
	at com.google.gson.Gson.fromJson(Gson.java:801)
	at com.google.gson.Gson.fromJson(Gson.java:773)
	at unq.utils.GsonFactory.fromJson(GsonFactory.java:16)
	at unq.api.controller.SurveyController.lambda$initSurveyEndopints$1(SurveyController.java:38)
	at spark.RouteImpl$1.handle(RouteImpl.java:61)
	at spark.http.matching.Routes.execute(Routes.java:61)
	at spark.http.matching.MatcherFilter.doFilter(MatcherFilter.java:126)
	at spark.embeddedserver.jetty.JettyHandler.doHandle(JettyHandler.java:50)
	at org.eclipse.jetty.server.session.SessionHandler.doScope(SessionHandler.java:189)
	at org.eclipse.jetty.server.handler.ScopedHandler.handle(ScopedHandler.java:141)
	at org.eclipse.jetty.server.handler.HandlerWrapper.handle(HandlerWrapper.java:119)
	at org.eclipse.jetty.server.Server.handle(Server.java:517)
	at org.eclipse.jetty.server.HttpChannel.handle(HttpChannel.java:308)
	at org.eclipse.jetty.server.HttpConnection.onFillable(HttpConnection.java:242)
	at org.eclipse.jetty.io.AbstractConnection$ReadCallback.succeeded(AbstractConnection.java:261)
	at org.eclipse.jetty.io.FillInterest.fillable(FillInterest.java:95)
	at org.eclipse.jetty.io.SelectChannelEndPoint$2.run(SelectChannelEndPoint.java:75)
	at org.eclipse.jetty.util.thread.strategy.ExecuteProduceConsume.produceAndRun(ExecuteProduceConsume.java:213)
	at org.eclipse.jetty.util.thread.strategy.ExecuteProduceConsume.run(ExecuteProduceConsume.java:147)
	at org.eclipse.jetty.util.thread.QueuedThreadPool.runJob(QueuedThreadPool.java:654)
	at org.eclipse.jetty.util.thread.QueuedThreadPool$3.run(QueuedThreadPool.java:572)
	at java.lang.Thread.run(Thread.java:745)
Caused by: java.lang.IllegalStateException: Expected BEGIN_OBJECT but was STRING at line 1 column 1 path $
	at com.google.gson.stream.JsonReader.beginObject(JsonReader.java:385)
	at com.google.gson.internal.bind.ReflectiveTypeAdapterFactory$Adapter.read(ReflectiveTypeAdapterFactory.java:213)
	... 24 common frames omitted
2016-10-02 20:50:32 [main] INFO  unq.api.service.ApiService - Starting services configuration
2016-10-02 20:50:32 [main] INFO  org.mongodb.driver.cluster - Cluster created with settings {hosts=[localhost:27017], mode=MULTIPLE, requiredClusterType=UNKNOWN, serverSelectionTimeout='30000 ms', maxWaitQueueSize=500}
2016-10-02 20:50:32 [main] INFO  org.mongodb.driver.cluster - Adding discovered server localhost:27017 to client view of cluster
2016-10-02 20:50:33 [main] INFO  unq.client.MongoDBClient - Successfully connected to the database
2016-10-02 20:50:33 [cluster-ClusterId{value='57f19d4846f0d9049a641742', description='null'}-localhost:27017] INFO  org.mongodb.driver.connection - Opened connection [connectionId{localValue:1, serverValue:4}] to localhost:27017
2016-10-02 20:50:33 [cluster-ClusterId{value='57f19d4846f0d9049a641742', description='null'}-localhost:27017] INFO  org.mongodb.driver.cluster - Monitor thread successfully connected to server with description ServerDescription{address=localhost:27017, type=STANDALONE, state=CONNECTED, ok=true, version=ServerVersion{versionList=[3, 2, 0]}, minWireVersion=0, maxWireVersion=4, maxDocumentSize=16777216, roundTripTimeNanos=846125}
2016-10-02 20:50:33 [cluster-ClusterId{value='57f19d4846f0d9049a641742', description='null'}-localhost:27017] INFO  org.mongodb.driver.cluster - Discovered cluster type of STANDALONE
2016-10-02 20:50:33 [main] INFO  unq.api.service.ApiService - Finish services configuration
2016-10-02 20:50:33 [Thread-1] INFO  org.eclipse.jetty.util.log - Logging initialized @3217ms
2016-10-02 20:50:34 [Thread-1] INFO  s.e.jetty.EmbeddedJettyServer - == Spark has ignited ...
2016-10-02 20:50:34 [Thread-1] INFO  s.e.jetty.EmbeddedJettyServer - >> Listening on 0.0.0.0:9090
2016-10-02 20:50:34 [Thread-1] INFO  org.eclipse.jetty.server.Server - jetty-9.3.6.v20151106
2016-10-02 20:50:34 [Thread-1] INFO  o.e.jetty.server.ServerConnector - Started ServerConnector@7d0e3038{HTTP/1.1,[http/1.1]}{0.0.0.0:9090}
2016-10-02 20:50:34 [Thread-1] INFO  org.eclipse.jetty.server.Server - Started @3429ms
2016-10-02 20:52:14 [qtp1030788674-22] ERROR unq.api.controller.SurveyController - Error while trying to save student
com.google.gson.JsonSyntaxException: java.lang.IllegalStateException: Expected BEGIN_OBJECT but was STRING at line 1 column 1 path $
	at com.google.gson.internal.bind.ReflectiveTypeAdapterFactory$Adapter.read(ReflectiveTypeAdapterFactory.java:224)
	at com.google.gson.Gson.fromJson(Gson.java:887)
	at com.google.gson.Gson.fromJson(Gson.java:852)
	at com.google.gson.Gson.fromJson(Gson.java:801)
	at com.google.gson.Gson.fromJson(Gson.java:773)
	at unq.utils.GsonFactory.fromJson(GsonFactory.java:16)
	at unq.api.controller.SurveyController.lambda$initSurveyEndopints$1(SurveyController.java:38)
	at spark.RouteImpl$1.handle(RouteImpl.java:61)
	at spark.http.matching.Routes.execute(Routes.java:61)
	at spark.http.matching.MatcherFilter.doFilter(MatcherFilter.java:126)
	at spark.embeddedserver.jetty.JettyHandler.doHandle(JettyHandler.java:50)
	at org.eclipse.jetty.server.session.SessionHandler.doScope(SessionHandler.java:189)
	at org.eclipse.jetty.server.handler.ScopedHandler.handle(ScopedHandler.java:141)
	at org.eclipse.jetty.server.handler.HandlerWrapper.handle(HandlerWrapper.java:119)
	at org.eclipse.jetty.server.Server.handle(Server.java:517)
	at org.eclipse.jetty.server.HttpChannel.handle(HttpChannel.java:308)
	at org.eclipse.jetty.server.HttpConnection.onFillable(HttpConnection.java:242)
	at org.eclipse.jetty.io.AbstractConnection$ReadCallback.succeeded(AbstractConnection.java:261)
	at org.eclipse.jetty.io.FillInterest.fillable(FillInterest.java:95)
	at org.eclipse.jetty.io.SelectChannelEndPoint$2.run(SelectChannelEndPoint.java:75)
	at org.eclipse.jetty.util.thread.strategy.ExecuteProduceConsume.produceAndRun(ExecuteProduceConsume.java:213)
	at org.eclipse.jetty.util.thread.strategy.ExecuteProduceConsume.run(ExecuteProduceConsume.java:147)
	at org.eclipse.jetty.util.thread.QueuedThreadPool.runJob(QueuedThreadPool.java:654)
	at org.eclipse.jetty.util.thread.QueuedThreadPool$3.run(QueuedThreadPool.java:572)
	at java.lang.Thread.run(Thread.java:745)
Caused by: java.lang.IllegalStateException: Expected BEGIN_OBJECT but was STRING at line 1 column 1 path $
	at com.google.gson.stream.JsonReader.beginObject(JsonReader.java:385)
	at com.google.gson.internal.bind.ReflectiveTypeAdapterFactory$Adapter.read(ReflectiveTypeAdapterFactory.java:213)
	... 24 common frames omitted
2016-10-02 20:53:29 [qtp1030788674-23] INFO  unq.api.controller.SurveyController - Marina
2016-10-02 20:53:29 [qtp1030788674-23] INFO  org.mongodb.driver.connection - Opened connection [connectionId{localValue:2, serverValue:5}] to localhost:27017
2016-10-02 20:53:30 [qtp1030788674-23] ERROR unq.api.controller.SurveyController - Error while trying to save student
java.lang.ClassCastException: java.lang.String cannot be cast to unq.api.model.Student
	at unq.repository.MongoDBDAO.saveStudent(MongoDBDAO.java:42)
	at unq.api.service.impl.SurveyServiceImpl.saveStudent(SurveyServiceImpl.java:18)
	at unq.api.controller.SurveyController.lambda$initSurveyEndopints$1(SurveyController.java:40)
	at spark.RouteImpl$1.handle(RouteImpl.java:61)
	at spark.http.matching.Routes.execute(Routes.java:61)
	at spark.http.matching.MatcherFilter.doFilter(MatcherFilter.java:126)
	at spark.embeddedserver.jetty.JettyHandler.doHandle(JettyHandler.java:50)
	at org.eclipse.jetty.server.session.SessionHandler.doScope(SessionHandler.java:189)
	at org.eclipse.jetty.server.handler.ScopedHandler.handle(ScopedHandler.java:141)
	at org.eclipse.jetty.server.handler.HandlerWrapper.handle(HandlerWrapper.java:119)
	at org.eclipse.jetty.server.Server.handle(Server.java:517)
	at org.eclipse.jetty.server.HttpChannel.handle(HttpChannel.java:308)
	at org.eclipse.jetty.server.HttpConnection.onFillable(HttpConnection.java:242)
	at org.eclipse.jetty.io.AbstractConnection$ReadCallback.succeeded(AbstractConnection.java:261)
	at org.eclipse.jetty.io.FillInterest.fillable(FillInterest.java:95)
	at org.eclipse.jetty.io.SelectChannelEndPoint$2.run(SelectChannelEndPoint.java:75)
	at org.eclipse.jetty.util.thread.strategy.ExecuteProduceConsume.produceAndRun(ExecuteProduceConsume.java:213)
	at org.eclipse.jetty.util.thread.strategy.ExecuteProduceConsume.run(ExecuteProduceConsume.java:147)
	at org.eclipse.jetty.util.thread.QueuedThreadPool.runJob(QueuedThreadPool.java:654)
	at org.eclipse.jetty.util.thread.QueuedThreadPool$3.run(QueuedThreadPool.java:572)
	at java.lang.Thread.run(Thread.java:745)
2016-10-02 20:56:10 [main] INFO  unq.api.service.ApiService - Starting services configuration
2016-10-02 20:56:11 [main] INFO  org.mongodb.driver.cluster - Cluster created with settings {hosts=[localhost:27017], mode=MULTIPLE, requiredClusterType=UNKNOWN, serverSelectionTimeout='30000 ms', maxWaitQueueSize=500}
2016-10-02 20:56:11 [main] INFO  org.mongodb.driver.cluster - Adding discovered server localhost:27017 to client view of cluster
2016-10-02 20:56:11 [main] INFO  unq.client.MongoDBClient - Successfully connected to the database
2016-10-02 20:56:11 [cluster-ClusterId{value='57f19e9b46f0d9049d5aaacd', description='null'}-localhost:27017] INFO  org.mongodb.driver.connection - Opened connection [connectionId{localValue:1, serverValue:6}] to localhost:27017
2016-10-02 20:56:11 [cluster-ClusterId{value='57f19e9b46f0d9049d5aaacd', description='null'}-localhost:27017] INFO  org.mongodb.driver.cluster - Monitor thread successfully connected to server with description ServerDescription{address=localhost:27017, type=STANDALONE, state=CONNECTED, ok=true, version=ServerVersion{versionList=[3, 2, 0]}, minWireVersion=0, maxWireVersion=4, maxDocumentSize=16777216, roundTripTimeNanos=1510161}
2016-10-02 20:56:11 [cluster-ClusterId{value='57f19e9b46f0d9049d5aaacd', description='null'}-localhost:27017] INFO  org.mongodb.driver.cluster - Discovered cluster type of STANDALONE
2016-10-02 20:56:12 [main] INFO  unq.api.service.ApiService - Finish services configuration
2016-10-02 20:56:12 [Thread-1] INFO  org.eclipse.jetty.util.log - Logging initialized @3109ms
2016-10-02 20:56:12 [Thread-1] INFO  s.e.jetty.EmbeddedJettyServer - == Spark has ignited ...
2016-10-02 20:56:12 [Thread-1] INFO  s.e.jetty.EmbeddedJettyServer - >> Listening on 0.0.0.0:9090
2016-10-02 20:56:12 [Thread-1] INFO  org.eclipse.jetty.server.Server - jetty-9.3.6.v20151106
2016-10-02 20:56:12 [Thread-1] INFO  o.e.jetty.server.ServerConnector - Started ServerConnector@7bf630{HTTP/1.1,[http/1.1]}{0.0.0.0:9090}
2016-10-02 20:56:12 [Thread-1] INFO  org.eclipse.jetty.server.Server - Started @3445ms
2016-10-02 20:57:09 [qtp1942504061-21] ERROR unq.api.controller.SurveyController - Error while trying to save student
com.google.gson.JsonSyntaxException: java.lang.IllegalStateException: Expected BEGIN_OBJECT but was STRING at line 1 column 1 path $
	at com.google.gson.internal.bind.ReflectiveTypeAdapterFactory$Adapter.read(ReflectiveTypeAdapterFactory.java:224)
	at com.google.gson.Gson.fromJson(Gson.java:887)
	at com.google.gson.Gson.fromJson(Gson.java:852)
	at com.google.gson.Gson.fromJson(Gson.java:801)
	at com.google.gson.Gson.fromJson(Gson.java:773)
	at unq.utils.GsonFactory.fromJson(GsonFactory.java:16)
	at unq.api.controller.SurveyController.lambda$initSurveyEndopints$1(SurveyController.java:39)
	at spark.RouteImpl$1.handle(RouteImpl.java:61)
	at spark.http.matching.Routes.execute(Routes.java:61)
	at spark.http.matching.MatcherFilter.doFilter(MatcherFilter.java:126)
	at spark.embeddedserver.jetty.JettyHandler.doHandle(JettyHandler.java:50)
	at org.eclipse.jetty.server.session.SessionHandler.doScope(SessionHandler.java:189)
	at org.eclipse.jetty.server.handler.ScopedHandler.handle(ScopedHandler.java:141)
	at org.eclipse.jetty.server.handler.HandlerWrapper.handle(HandlerWrapper.java:119)
	at org.eclipse.jetty.server.Server.handle(Server.java:517)
	at org.eclipse.jetty.server.HttpChannel.handle(HttpChannel.java:308)
	at org.eclipse.jetty.server.HttpConnection.onFillable(HttpConnection.java:242)
	at org.eclipse.jetty.io.AbstractConnection$ReadCallback.succeeded(AbstractConnection.java:261)
	at org.eclipse.jetty.io.FillInterest.fillable(FillInterest.java:95)
	at org.eclipse.jetty.io.SelectChannelEndPoint$2.run(SelectChannelEndPoint.java:75)
	at org.eclipse.jetty.util.thread.strategy.ExecuteProduceConsume.produceAndRun(ExecuteProduceConsume.java:213)
	at org.eclipse.jetty.util.thread.strategy.ExecuteProduceConsume.run(ExecuteProduceConsume.java:147)
	at org.eclipse.jetty.util.thread.QueuedThreadPool.runJob(QueuedThreadPool.java:654)
	at org.eclipse.jetty.util.thread.QueuedThreadPool$3.run(QueuedThreadPool.java:572)
	at java.lang.Thread.run(Thread.java:745)
Caused by: java.lang.IllegalStateException: Expected BEGIN_OBJECT but was STRING at line 1 column 1 path $
	at com.google.gson.stream.JsonReader.beginObject(JsonReader.java:385)
	at com.google.gson.internal.bind.ReflectiveTypeAdapterFactory$Adapter.read(ReflectiveTypeAdapterFactory.java:213)
	... 24 common frames omitted
2016-10-02 20:59:07 [qtp1942504061-24] ERROR unq.api.controller.SurveyController - Error while trying to save student
com.google.gson.JsonSyntaxException: java.lang.IllegalStateException: Expected BEGIN_OBJECT but was STRING at line 1 column 1 path $
	at com.google.gson.internal.bind.ReflectiveTypeAdapterFactory$Adapter.read(ReflectiveTypeAdapterFactory.java:224)
	at com.google.gson.Gson.fromJson(Gson.java:887)
	at com.google.gson.Gson.fromJson(Gson.java:852)
	at com.google.gson.Gson.fromJson(Gson.java:801)
	at com.google.gson.Gson.fromJson(Gson.java:773)
	at unq.utils.GsonFactory.fromJson(GsonFactory.java:16)
	at unq.api.controller.SurveyController.lambda$initSurveyEndopints$1(SurveyController.java:39)
	at spark.RouteImpl$1.handle(RouteImpl.java:61)
	at spark.http.matching.Routes.execute(Routes.java:61)
	at spark.http.matching.MatcherFilter.doFilter(MatcherFilter.java:126)
	at spark.embeddedserver.jetty.JettyHandler.doHandle(JettyHandler.java:50)
	at org.eclipse.jetty.server.session.SessionHandler.doScope(SessionHandler.java:189)
	at org.eclipse.jetty.server.handler.ScopedHandler.handle(ScopedHandler.java:141)
	at org.eclipse.jetty.server.handler.HandlerWrapper.handle(HandlerWrapper.java:119)
	at org.eclipse.jetty.server.Server.handle(Server.java:517)
	at org.eclipse.jetty.server.HttpChannel.handle(HttpChannel.java:308)
	at org.eclipse.jetty.server.HttpConnection.onFillable(HttpConnection.java:242)
	at org.eclipse.jetty.io.AbstractConnection$ReadCallback.succeeded(AbstractConnection.java:261)
	at org.eclipse.jetty.io.FillInterest.fillable(FillInterest.java:95)
	at org.eclipse.jetty.io.SelectChannelEndPoint$2.run(SelectChannelEndPoint.java:75)
	at org.eclipse.jetty.util.thread.strategy.ExecuteProduceConsume.produceAndRun(ExecuteProduceConsume.java:213)
	at org.eclipse.jetty.util.thread.strategy.ExecuteProduceConsume.run(ExecuteProduceConsume.java:147)
	at org.eclipse.jetty.util.thread.QueuedThreadPool.runJob(QueuedThreadPool.java:654)
	at org.eclipse.jetty.util.thread.QueuedThreadPool$3.run(QueuedThreadPool.java:572)
	at java.lang.Thread.run(Thread.java:745)
Caused by: java.lang.IllegalStateException: Expected BEGIN_OBJECT but was STRING at line 1 column 1 path $
	at com.google.gson.stream.JsonReader.beginObject(JsonReader.java:385)
	at com.google.gson.internal.bind.ReflectiveTypeAdapterFactory$Adapter.read(ReflectiveTypeAdapterFactory.java:213)
	... 24 common frames omitted
2016-10-02 21:01:00 [qtp1942504061-18] INFO  unq.api.controller.SurveyController - Marina
2016-10-02 21:01:58 [main] INFO  unq.api.service.ApiService - Starting services configuration
2016-10-02 21:01:58 [main] INFO  org.mongodb.driver.cluster - Cluster created with settings {hosts=[localhost:27017], mode=MULTIPLE, requiredClusterType=UNKNOWN, serverSelectionTimeout='30000 ms', maxWaitQueueSize=500}
2016-10-02 21:01:58 [main] INFO  org.mongodb.driver.cluster - Adding discovered server localhost:27017 to client view of cluster
2016-10-02 21:01:59 [main] INFO  unq.client.MongoDBClient - Successfully connected to the database
2016-10-02 21:01:59 [cluster-ClusterId{value='57f19ff646f0d904a56e0b10', description='null'}-localhost:27017] INFO  org.mongodb.driver.connection - Opened connection [connectionId{localValue:1, serverValue:7}] to localhost:27017
2016-10-02 21:01:59 [cluster-ClusterId{value='57f19ff646f0d904a56e0b10', description='null'}-localhost:27017] INFO  org.mongodb.driver.cluster - Monitor thread successfully connected to server with description ServerDescription{address=localhost:27017, type=STANDALONE, state=CONNECTED, ok=true, version=ServerVersion{versionList=[3, 2, 0]}, minWireVersion=0, maxWireVersion=4, maxDocumentSize=16777216, roundTripTimeNanos=898696}
2016-10-02 21:01:59 [cluster-ClusterId{value='57f19ff646f0d904a56e0b10', description='null'}-localhost:27017] INFO  org.mongodb.driver.cluster - Discovered cluster type of STANDALONE
2016-10-02 21:01:59 [main] INFO  unq.api.service.ApiService - Finish services configuration
2016-10-02 21:01:59 [Thread-1] INFO  org.eclipse.jetty.util.log - Logging initialized @2325ms
2016-10-02 21:01:59 [Thread-1] INFO  s.e.jetty.EmbeddedJettyServer - == Spark has ignited ...
2016-10-02 21:01:59 [Thread-1] INFO  s.e.jetty.EmbeddedJettyServer - >> Listening on 0.0.0.0:9090
2016-10-02 21:01:59 [Thread-1] INFO  org.eclipse.jetty.server.Server - jetty-9.3.6.v20151106
2016-10-02 21:01:59 [Thread-1] INFO  o.e.jetty.server.ServerConnector - Started ServerConnector@720964d8{HTTP/1.1,[http/1.1]}{0.0.0.0:9090}
2016-10-02 21:01:59 [Thread-1] INFO  org.eclipse.jetty.server.Server - Started @2582ms
2016-10-02 21:02:06 [qtp62832981-21] INFO  unq.api.controller.SurveyController - Marina
2016-10-02 21:02:06 [qtp62832981-21] INFO  org.mongodb.driver.connection - Opened connection [connectionId{localValue:2, serverValue:8}] to localhost:27017
2016-10-02 21:02:06 [qtp62832981-21] ERROR unq.api.controller.SurveyController - Error while trying to save student
java.lang.IllegalArgumentException: No suitable constructor found for type [simple type, class unq.api.model.Student]: can not instantiate from JSON object (need to add/enable type information?)
 at [Source: N/A; line: -1, column: -1]
	at com.fasterxml.jackson.databind.ObjectMapper._convert(ObjectMapper.java:2704)
	at com.fasterxml.jackson.databind.ObjectMapper.convertValue(ObjectMapper.java:2646)
	at com.despegar.integration.mongo.connector.MongoDao.serialize(MongoDao.java:399)
	at com.despegar.integration.mongo.connector.MongoDao.serialize(MongoDao.java:389)
	at com.despegar.integration.mongo.connector.MongoDao.findOne(MongoDao.java:107)
	at com.despegar.integration.mongo.connector.MongoDao.updateOrInsert(MongoDao.java:278)
	at com.despegar.integration.mongo.connector.MongoDao.updateOrInsert(MongoDao.java:272)
	at com.despegar.integration.mongo.connector.MongoCollection.save(MongoCollection.java:95)
	at unq.repository.MongoDBDAO.saveStudent(MongoDBDAO.java:42)
	at unq.api.service.impl.SurveyServiceImpl.saveStudent(SurveyServiceImpl.java:18)
	at unq.api.controller.SurveyController.lambda$initSurveyEndopints$1(SurveyController.java:39)
	at spark.RouteImpl$1.handle(RouteImpl.java:61)
	at spark.http.matching.Routes.execute(Routes.java:61)
	at spark.http.matching.MatcherFilter.doFilter(MatcherFilter.java:126)
	at spark.embeddedserver.jetty.JettyHandler.doHandle(JettyHandler.java:50)
	at org.eclipse.jetty.server.session.SessionHandler.doScope(SessionHandler.java:189)
	at org.eclipse.jetty.server.handler.ScopedHandler.handle(ScopedHandler.java:141)
	at org.eclipse.jetty.server.handler.HandlerWrapper.handle(HandlerWrapper.java:119)
	at org.eclipse.jetty.server.Server.handle(Server.java:517)
	at org.eclipse.jetty.server.HttpChannel.handle(HttpChannel.java:308)
	at org.eclipse.jetty.server.HttpConnection.onFillable(HttpConnection.java:242)
	at org.eclipse.jetty.io.AbstractConnection$ReadCallback.succeeded(AbstractConnection.java:261)
	at org.eclipse.jetty.io.FillInterest.fillable(FillInterest.java:95)
	at org.eclipse.jetty.io.SelectChannelEndPoint$2.run(SelectChannelEndPoint.java:75)
	at org.eclipse.jetty.util.thread.strategy.ExecuteProduceConsume.produceAndRun(ExecuteProduceConsume.java:213)
	at org.eclipse.jetty.util.thread.strategy.ExecuteProduceConsume.run(ExecuteProduceConsume.java:147)
	at org.eclipse.jetty.util.thread.QueuedThreadPool.runJob(QueuedThreadPool.java:654)
	at org.eclipse.jetty.util.thread.QueuedThreadPool$3.run(QueuedThreadPool.java:572)
	at java.lang.Thread.run(Thread.java:745)
Caused by: com.fasterxml.jackson.databind.JsonMappingException: No suitable constructor found for type [simple type, class unq.api.model.Student]: can not instantiate from JSON object (need to add/enable type information?)
 at [Source: N/A; line: -1, column: -1]
	at com.fasterxml.jackson.databind.JsonMappingException.from(JsonMappingException.java:164)
	at com.fasterxml.jackson.databind.deser.BeanDeserializerBase.deserializeFromObjectUsingNonDefault(BeanDeserializerBase.java:1078)
	at com.fasterxml.jackson.databind.deser.BeanDeserializer.deserializeFromObject(BeanDeserializer.java:268)
	at com.fasterxml.jackson.databind.deser.BeanDeserializer.deserialize(BeanDeserializer.java:124)
	at com.fasterxml.jackson.databind.ObjectMapper._convert(ObjectMapper.java:2699)
	... 28 common frames omitted
2016-10-02 21:09:32 [main] INFO  unq.api.service.ApiService - Starting services configuration
2016-10-02 21:09:32 [main] INFO  org.mongodb.driver.cluster - Cluster created with settings {hosts=[localhost:27017], mode=MULTIPLE, requiredClusterType=UNKNOWN, serverSelectionTimeout='30000 ms', maxWaitQueueSize=500}
2016-10-02 21:09:32 [main] INFO  org.mongodb.driver.cluster - Adding discovered server localhost:27017 to client view of cluster
2016-10-02 21:09:33 [main] INFO  unq.client.MongoDBClient - Successfully connected to the database
2016-10-02 21:09:33 [cluster-ClusterId{value='57f1a1bc46f0d904b0f8e64b', description='null'}-localhost:27017] INFO  org.mongodb.driver.connection - Opened connection [connectionId{localValue:1, serverValue:9}] to localhost:27017
2016-10-02 21:09:33 [cluster-ClusterId{value='57f1a1bc46f0d904b0f8e64b', description='null'}-localhost:27017] INFO  org.mongodb.driver.cluster - Monitor thread successfully connected to server with description ServerDescription{address=localhost:27017, type=STANDALONE, state=CONNECTED, ok=true, version=ServerVersion{versionList=[3, 2, 0]}, minWireVersion=0, maxWireVersion=4, maxDocumentSize=16777216, roundTripTimeNanos=1337705}
2016-10-02 21:09:33 [cluster-ClusterId{value='57f1a1bc46f0d904b0f8e64b', description='null'}-localhost:27017] INFO  org.mongodb.driver.cluster - Discovered cluster type of STANDALONE
2016-10-02 21:09:34 [main] INFO  unq.api.service.ApiService - Finish services configuration
2016-10-02 21:09:34 [Thread-1] INFO  org.eclipse.jetty.util.log - Logging initialized @3603ms
2016-10-02 21:09:34 [Thread-1] INFO  s.e.jetty.EmbeddedJettyServer - == Spark has ignited ...
2016-10-02 21:09:34 [Thread-1] INFO  s.e.jetty.EmbeddedJettyServer - >> Listening on 0.0.0.0:9090
2016-10-02 21:09:34 [Thread-1] INFO  org.eclipse.jetty.server.Server - jetty-9.3.6.v20151106
2016-10-02 21:09:34 [Thread-1] INFO  o.e.jetty.server.ServerConnector - Started ServerConnector@1c1c8e8a{HTTP/1.1,[http/1.1]}{0.0.0.0:9090}
2016-10-02 21:09:34 [Thread-1] INFO  org.eclipse.jetty.server.Server - Started @3886ms
2016-10-02 21:09:57 [qtp592792029-21] INFO  unq.api.controller.SurveyController - Marina
2016-10-02 21:09:57 [qtp592792029-21] INFO  org.mongodb.driver.connection - Opened connection [connectionId{localValue:2, serverValue:10}] to localhost:27017
2016-10-02 21:09:58 [qtp592792029-21] ERROR unq.api.controller.SurveyController - Error while trying to save student
java.lang.ClassCastException: java.lang.String cannot be cast to unq.api.model.Student
	at unq.repository.MongoDBDAO.saveStudent(MongoDBDAO.java:42)
	at unq.api.service.impl.SurveyServiceImpl.saveStudent(SurveyServiceImpl.java:18)
	at unq.api.controller.SurveyController.lambda$initSurveyEndopints$1(SurveyController.java:39)
	at spark.RouteImpl$1.handle(RouteImpl.java:61)
	at spark.http.matching.Routes.execute(Routes.java:61)
	at spark.http.matching.MatcherFilter.doFilter(MatcherFilter.java:126)
	at spark.embeddedserver.jetty.JettyHandler.doHandle(JettyHandler.java:50)
	at org.eclipse.jetty.server.session.SessionHandler.doScope(SessionHandler.java:189)
	at org.eclipse.jetty.server.handler.ScopedHandler.handle(ScopedHandler.java:141)
	at org.eclipse.jetty.server.handler.HandlerWrapper.handle(HandlerWrapper.java:119)
	at org.eclipse.jetty.server.Server.handle(Server.java:517)
	at org.eclipse.jetty.server.HttpChannel.handle(HttpChannel.java:308)
	at org.eclipse.jetty.server.HttpConnection.onFillable(HttpConnection.java:242)
	at org.eclipse.jetty.io.AbstractConnection$ReadCallback.succeeded(AbstractConnection.java:261)
	at org.eclipse.jetty.io.FillInterest.fillable(FillInterest.java:95)
	at org.eclipse.jetty.io.SelectChannelEndPoint$2.run(SelectChannelEndPoint.java:75)
	at org.eclipse.jetty.util.thread.strategy.ExecuteProduceConsume.produceAndRun(ExecuteProduceConsume.java:213)
	at org.eclipse.jetty.util.thread.strategy.ExecuteProduceConsume.run(ExecuteProduceConsume.java:147)
	at org.eclipse.jetty.util.thread.QueuedThreadPool.runJob(QueuedThreadPool.java:654)
	at org.eclipse.jetty.util.thread.QueuedThreadPool$3.run(QueuedThreadPool.java:572)
	at java.lang.Thread.run(Thread.java:745)
2016-10-02 21:10:44 [qtp592792029-24] INFO  unq.api.controller.SurveyController - Marina
2016-10-02 21:11:17 [qtp592792029-24] ERROR unq.api.controller.SurveyController - Error while trying to save student
java.lang.IllegalArgumentException: No suitable constructor found for type [simple type, class unq.api.model.Student]: can not instantiate from JSON object (need to add/enable type information?)
 at [Source: N/A; line: -1, column: -1]
	at com.fasterxml.jackson.databind.ObjectMapper._convert(ObjectMapper.java:2704)
	at com.fasterxml.jackson.databind.ObjectMapper.convertValue(ObjectMapper.java:2646)
	at com.despegar.integration.mongo.connector.MongoDao.serialize(MongoDao.java:399)
	at com.despegar.integration.mongo.connector.MongoDao.serialize(MongoDao.java:389)
	at com.despegar.integration.mongo.connector.MongoDao.findOne(MongoDao.java:107)
	at com.despegar.integration.mongo.connector.MongoDao.updateOrInsert(MongoDao.java:278)
	at com.despegar.integration.mongo.connector.MongoDao.updateOrInsert(MongoDao.java:272)
	at com.despegar.integration.mongo.connector.MongoCollection.save(MongoCollection.java:95)
	at unq.repository.MongoDBDAO.saveStudent(MongoDBDAO.java:42)
	at unq.api.service.impl.SurveyServiceImpl.saveStudent(SurveyServiceImpl.java:18)
	at unq.api.controller.SurveyController.lambda$initSurveyEndopints$1(SurveyController.java:39)
	at spark.RouteImpl$1.handle(RouteImpl.java:61)
	at spark.http.matching.Routes.execute(Routes.java:61)
	at spark.http.matching.MatcherFilter.doFilter(MatcherFilter.java:126)
	at spark.embeddedserver.jetty.JettyHandler.doHandle(JettyHandler.java:50)
	at org.eclipse.jetty.server.session.SessionHandler.doScope(SessionHandler.java:189)
	at org.eclipse.jetty.server.handler.ScopedHandler.handle(ScopedHandler.java:141)
	at org.eclipse.jetty.server.handler.HandlerWrapper.handle(HandlerWrapper.java:119)
	at org.eclipse.jetty.server.Server.handle(Server.java:517)
	at org.eclipse.jetty.server.HttpChannel.handle(HttpChannel.java:308)
	at org.eclipse.jetty.server.HttpConnection.onFillable(HttpConnection.java:242)
	at org.eclipse.jetty.io.AbstractConnection$ReadCallback.succeeded(AbstractConnection.java:261)
	at org.eclipse.jetty.io.FillInterest.fillable(FillInterest.java:95)
	at org.eclipse.jetty.io.SelectChannelEndPoint$2.run(SelectChannelEndPoint.java:75)
	at org.eclipse.jetty.util.thread.strategy.ExecuteProduceConsume.produceAndRun(ExecuteProduceConsume.java:213)
	at org.eclipse.jetty.util.thread.strategy.ExecuteProduceConsume.run(ExecuteProduceConsume.java:147)
	at org.eclipse.jetty.util.thread.QueuedThreadPool.runJob(QueuedThreadPool.java:654)
	at org.eclipse.jetty.util.thread.QueuedThreadPool$3.run(QueuedThreadPool.java:572)
	at java.lang.Thread.run(Thread.java:745)
Caused by: com.fasterxml.jackson.databind.JsonMappingException: No suitable constructor found for type [simple type, class unq.api.model.Student]: can not instantiate from JSON object (need to add/enable type information?)
 at [Source: N/A; line: -1, column: -1]
	at com.fasterxml.jackson.databind.JsonMappingException.from(JsonMappingException.java:164)
	at com.fasterxml.jackson.databind.deser.BeanDeserializerBase.deserializeFromObjectUsingNonDefault(BeanDeserializerBase.java:1078)
	at com.fasterxml.jackson.databind.deser.BeanDeserializer.deserializeFromObject(BeanDeserializer.java:268)
	at com.fasterxml.jackson.databind.deser.BeanDeserializer.deserialize(BeanDeserializer.java:124)
	at com.fasterxml.jackson.databind.ObjectMapper._convert(ObjectMapper.java:2699)
	... 28 common frames omitted
2016-10-02 21:11:39 [qtp592792029-18] INFO  unq.api.controller.SurveyController - Marina
2016-10-02 21:11:52 [qtp592792029-18] ERROR unq.api.controller.SurveyController - Error while trying to save student
java.lang.IllegalArgumentException: No suitable constructor found for type [simple type, class unq.api.model.Student]: can not instantiate from JSON object (need to add/enable type information?)
 at [Source: N/A; line: -1, column: -1]
	at com.fasterxml.jackson.databind.ObjectMapper._convert(ObjectMapper.java:2704)
	at com.fasterxml.jackson.databind.ObjectMapper.convertValue(ObjectMapper.java:2646)
	at com.despegar.integration.mongo.connector.MongoDao.serialize(MongoDao.java:399)
	at com.despegar.integration.mongo.connector.MongoDao.serialize(MongoDao.java:389)
	at com.despegar.integration.mongo.connector.MongoDao.findOne(MongoDao.java:107)
	at com.despegar.integration.mongo.connector.MongoDao.updateOrInsert(MongoDao.java:278)
	at com.despegar.integration.mongo.connector.MongoDao.updateOrInsert(MongoDao.java:272)
	at com.despegar.integration.mongo.connector.MongoCollection.save(MongoCollection.java:95)
	at unq.repository.MongoDBDAO.saveStudent(MongoDBDAO.java:42)
	at unq.api.service.impl.SurveyServiceImpl.saveStudent(SurveyServiceImpl.java:18)
	at unq.api.controller.SurveyController.lambda$initSurveyEndopints$1(SurveyController.java:39)
	at spark.RouteImpl$1.handle(RouteImpl.java:61)
	at spark.http.matching.Routes.execute(Routes.java:61)
	at spark.http.matching.MatcherFilter.doFilter(MatcherFilter.java:126)
	at spark.embeddedserver.jetty.JettyHandler.doHandle(JettyHandler.java:50)
	at org.eclipse.jetty.server.session.SessionHandler.doScope(SessionHandler.java:189)
	at org.eclipse.jetty.server.handler.ScopedHandler.handle(ScopedHandler.java:141)
	at org.eclipse.jetty.server.handler.HandlerWrapper.handle(HandlerWrapper.java:119)
	at org.eclipse.jetty.server.Server.handle(Server.java:517)
	at org.eclipse.jetty.server.HttpChannel.handle(HttpChannel.java:308)
	at org.eclipse.jetty.server.HttpConnection.onFillable(HttpConnection.java:242)
	at org.eclipse.jetty.io.AbstractConnection$ReadCallback.succeeded(AbstractConnection.java:261)
	at org.eclipse.jetty.io.FillInterest.fillable(FillInterest.java:95)
	at org.eclipse.jetty.io.SelectChannelEndPoint$2.run(SelectChannelEndPoint.java:75)
	at org.eclipse.jetty.util.thread.strategy.ExecuteProduceConsume.produceAndRun(ExecuteProduceConsume.java:213)
	at org.eclipse.jetty.util.thread.strategy.ExecuteProduceConsume.run(ExecuteProduceConsume.java:147)
	at org.eclipse.jetty.util.thread.QueuedThreadPool.runJob(QueuedThreadPool.java:654)
	at org.eclipse.jetty.util.thread.QueuedThreadPool$3.run(QueuedThreadPool.java:572)
	at java.lang.Thread.run(Thread.java:745)
Caused by: com.fasterxml.jackson.databind.JsonMappingException: No suitable constructor found for type [simple type, class unq.api.model.Student]: can not instantiate from JSON object (need to add/enable type information?)
 at [Source: N/A; line: -1, column: -1]
	at com.fasterxml.jackson.databind.JsonMappingException.from(JsonMappingException.java:164)
	at com.fasterxml.jackson.databind.deser.BeanDeserializerBase.deserializeFromObjectUsingNonDefault(BeanDeserializerBase.java:1078)
	at com.fasterxml.jackson.databind.deser.BeanDeserializer.deserializeFromObject(BeanDeserializer.java:268)
	at com.fasterxml.jackson.databind.deser.BeanDeserializer.deserialize(BeanDeserializer.java:124)
	at com.fasterxml.jackson.databind.ObjectMapper._convert(ObjectMapper.java:2699)
	... 28 common frames omitted
2016-10-02 21:18:01 [main] INFO  unq.api.service.ApiService - Starting services configuration
2016-10-02 21:18:01 [main] INFO  org.mongodb.driver.cluster - Cluster created with settings {hosts=[localhost:27017], mode=MULTIPLE, requiredClusterType=UNKNOWN, serverSelectionTimeout='30000 ms', maxWaitQueueSize=500}
2016-10-02 21:18:01 [main] INFO  org.mongodb.driver.cluster - Adding discovered server localhost:27017 to client view of cluster
2016-10-02 21:18:02 [main] INFO  unq.client.MongoDBClient - Successfully connected to the database
2016-10-02 21:18:02 [cluster-ClusterId{value='57f1a3b946f0d904dc1e1f04', description='null'}-localhost:27017] INFO  org.mongodb.driver.connection - Opened connection [connectionId{localValue:1, serverValue:11}] to localhost:27017
2016-10-02 21:18:02 [cluster-ClusterId{value='57f1a3b946f0d904dc1e1f04', description='null'}-localhost:27017] INFO  org.mongodb.driver.cluster - Monitor thread successfully connected to server with description ServerDescription{address=localhost:27017, type=STANDALONE, state=CONNECTED, ok=true, version=ServerVersion{versionList=[3, 2, 0]}, minWireVersion=0, maxWireVersion=4, maxDocumentSize=16777216, roundTripTimeNanos=3932604}
2016-10-02 21:18:02 [cluster-ClusterId{value='57f1a3b946f0d904dc1e1f04', description='null'}-localhost:27017] INFO  org.mongodb.driver.cluster - Discovered cluster type of STANDALONE
2016-10-02 21:18:02 [main] INFO  unq.api.service.ApiService - Finish services configuration
2016-10-02 21:18:02 [Thread-1] INFO  org.eclipse.jetty.util.log - Logging initialized @2851ms
2016-10-02 21:18:03 [Thread-1] INFO  s.e.jetty.EmbeddedJettyServer - == Spark has ignited ...
2016-10-02 21:18:03 [Thread-1] INFO  s.e.jetty.EmbeddedJettyServer - >> Listening on 0.0.0.0:9090
2016-10-02 21:18:03 [Thread-1] INFO  org.eclipse.jetty.server.Server - jetty-9.3.6.v20151106
2016-10-02 21:18:03 [Thread-1] INFO  o.e.jetty.server.ServerConnector - Started ServerConnector@674f2b79{HTTP/1.1,[http/1.1]}{0.0.0.0:9090}
2016-10-02 21:18:03 [Thread-1] INFO  org.eclipse.jetty.server.Server - Started @3103ms
2016-10-02 21:18:26 [qtp1181738988-21] INFO  unq.api.controller.SurveyController - Marina
2016-10-02 21:18:26 [qtp1181738988-21] INFO  org.mongodb.driver.connection - Opened connection [connectionId{localValue:2, serverValue:12}] to localhost:27017
2016-10-02 21:18:27 [qtp1181738988-21] ERROR unq.api.controller.SurveyController - Error while trying to save student
java.lang.ClassCastException: java.lang.String cannot be cast to unq.api.model.Student
	at unq.repository.MongoDBDAO.saveStudent(MongoDBDAO.java:42)
	at unq.api.service.impl.SurveyServiceImpl.saveStudent(SurveyServiceImpl.java:18)
	at unq.api.controller.SurveyController.lambda$initSurveyEndopints$1(SurveyController.java:39)
	at spark.RouteImpl$1.handle(RouteImpl.java:61)
	at spark.http.matching.Routes.execute(Routes.java:61)
	at spark.http.matching.MatcherFilter.doFilter(MatcherFilter.java:126)
	at spark.embeddedserver.jetty.JettyHandler.doHandle(JettyHandler.java:50)
	at org.eclipse.jetty.server.session.SessionHandler.doScope(SessionHandler.java:189)
	at org.eclipse.jetty.server.handler.ScopedHandler.handle(ScopedHandler.java:141)
	at org.eclipse.jetty.server.handler.HandlerWrapper.handle(HandlerWrapper.java:119)
	at org.eclipse.jetty.server.Server.handle(Server.java:517)
	at org.eclipse.jetty.server.HttpChannel.handle(HttpChannel.java:308)
	at org.eclipse.jetty.server.HttpConnection.onFillable(HttpConnection.java:242)
	at org.eclipse.jetty.io.AbstractConnection$ReadCallback.succeeded(AbstractConnection.java:261)
	at org.eclipse.jetty.io.FillInterest.fillable(FillInterest.java:95)
	at org.eclipse.jetty.io.SelectChannelEndPoint$2.run(SelectChannelEndPoint.java:75)
	at org.eclipse.jetty.util.thread.strategy.ExecuteProduceConsume.produceAndRun(ExecuteProduceConsume.java:213)
	at org.eclipse.jetty.util.thread.strategy.ExecuteProduceConsume.run(ExecuteProduceConsume.java:147)
	at org.eclipse.jetty.util.thread.QueuedThreadPool.runJob(QueuedThreadPool.java:654)
	at org.eclipse.jetty.util.thread.QueuedThreadPool$3.run(QueuedThreadPool.java:572)
	at java.lang.Thread.run(Thread.java:745)
2016-10-02 21:19:17 [qtp1181738988-23] INFO  unq.api.controller.SurveyController - Marina
2016-10-02 21:20:18 [qtp1181738988-23] ERROR unq.api.controller.SurveyController - Error while trying to save student
java.lang.ClassCastException: java.lang.String cannot be cast to unq.api.model.Student
	at unq.repository.MongoDBDAO.saveStudent(MongoDBDAO.java:42)
	at unq.api.service.impl.SurveyServiceImpl.saveStudent(SurveyServiceImpl.java:18)
	at unq.api.controller.SurveyController.lambda$initSurveyEndopints$1(SurveyController.java:39)
	at spark.RouteImpl$1.handle(RouteImpl.java:61)
	at spark.http.matching.Routes.execute(Routes.java:61)
	at spark.http.matching.MatcherFilter.doFilter(MatcherFilter.java:126)
	at spark.embeddedserver.jetty.JettyHandler.doHandle(JettyHandler.java:50)
	at org.eclipse.jetty.server.session.SessionHandler.doScope(SessionHandler.java:189)
	at org.eclipse.jetty.server.handler.ScopedHandler.handle(ScopedHandler.java:141)
	at org.eclipse.jetty.server.handler.HandlerWrapper.handle(HandlerWrapper.java:119)
	at org.eclipse.jetty.server.Server.handle(Server.java:517)
	at org.eclipse.jetty.server.HttpChannel.handle(HttpChannel.java:308)
	at org.eclipse.jetty.server.HttpConnection.onFillable(HttpConnection.java:242)
	at org.eclipse.jetty.io.AbstractConnection$ReadCallback.succeeded(AbstractConnection.java:261)
	at org.eclipse.jetty.io.FillInterest.fillable(FillInterest.java:95)
	at org.eclipse.jetty.io.SelectChannelEndPoint$2.run(SelectChannelEndPoint.java:75)
	at org.eclipse.jetty.util.thread.strategy.ExecuteProduceConsume.produceAndRun(ExecuteProduceConsume.java:213)
	at org.eclipse.jetty.util.thread.strategy.ExecuteProduceConsume.run(ExecuteProduceConsume.java:147)
	at org.eclipse.jetty.util.thread.QueuedThreadPool.runJob(QueuedThreadPool.java:654)
	at org.eclipse.jetty.util.thread.QueuedThreadPool$3.run(QueuedThreadPool.java:572)
	at java.lang.Thread.run(Thread.java:745)
2016-10-02 21:23:08 [main] INFO  unq.api.service.ApiService - Starting services configuration
2016-10-02 21:23:08 [main] INFO  org.mongodb.driver.cluster - Cluster created with settings {hosts=[localhost:27017], mode=MULTIPLE, requiredClusterType=UNKNOWN, serverSelectionTimeout='30000 ms', maxWaitQueueSize=500}
2016-10-02 21:23:08 [main] INFO  org.mongodb.driver.cluster - Adding discovered server localhost:27017 to client view of cluster
2016-10-02 21:23:09 [main] INFO  unq.client.MongoDBClient - Successfully connected to the database
2016-10-02 21:23:09 [cluster-ClusterId{value='57f1a4ec46f0d904e2147917', description='null'}-localhost:27017] INFO  org.mongodb.driver.connection - Opened connection [connectionId{localValue:1, serverValue:13}] to localhost:27017
2016-10-02 21:23:09 [cluster-ClusterId{value='57f1a4ec46f0d904e2147917', description='null'}-localhost:27017] INFO  org.mongodb.driver.cluster - Monitor thread successfully connected to server with description ServerDescription{address=localhost:27017, type=STANDALONE, state=CONNECTED, ok=true, version=ServerVersion{versionList=[3, 2, 0]}, minWireVersion=0, maxWireVersion=4, maxDocumentSize=16777216, roundTripTimeNanos=970809}
2016-10-02 21:23:09 [cluster-ClusterId{value='57f1a4ec46f0d904e2147917', description='null'}-localhost:27017] INFO  org.mongodb.driver.cluster - Discovered cluster type of STANDALONE
2016-10-02 21:23:09 [main] INFO  unq.api.service.ApiService - Finish services configuration
2016-10-02 21:23:09 [Thread-1] INFO  org.eclipse.jetty.util.log - Logging initialized @2446ms
2016-10-02 21:23:09 [Thread-1] INFO  s.e.jetty.EmbeddedJettyServer - == Spark has ignited ...
2016-10-02 21:23:09 [Thread-1] INFO  s.e.jetty.EmbeddedJettyServer - >> Listening on 0.0.0.0:9090
2016-10-02 21:23:09 [Thread-1] INFO  org.eclipse.jetty.server.Server - jetty-9.3.6.v20151106
2016-10-02 21:23:10 [Thread-1] INFO  o.e.jetty.server.ServerConnector - Started ServerConnector@4e6c6e57{HTTP/1.1,[http/1.1]}{0.0.0.0:9090}
2016-10-02 21:23:10 [Thread-1] INFO  org.eclipse.jetty.server.Server - Started @2721ms
2016-10-02 21:23:22 [qtp62832981-21] INFO  unq.api.controller.SurveyController - Marina
2016-10-02 21:23:23 [qtp62832981-21] INFO  org.mongodb.driver.connection - Opened connection [connectionId{localValue:2, serverValue:14}] to localhost:27017
